<?xml version="1.0" encoding="UTF-8"?>
<coverage generated="1706627343675" clover="3.2.0">
  <project timestamp="1706627343675" name="All files">
    <metrics statements="28" coveredstatements="12" conditionals="9" coveredconditionals="4" methods="5" coveredmethods="2" elements="42" coveredelements="18" complexity="0" loc="28" ncloc="28" packages="1" files="1" classes="1"/>
    <file name="book.model.ts" path="/Users/carlos/Documents/Exercises/technical-Bubbo/technical-bubbo-api-server/src/models/book.model.ts">
      <metrics statements="28" coveredstatements="12" conditionals="9" coveredconditionals="4" methods="5" coveredmethods="2"/>
      <line num="2" count="1" type="stmt"/>
      <line num="3" count="1" type="stmt"/>
      <line num="5" count="1" type="cond" truecount="2" falsecount="0"/>
      <line num="7" count="1" type="cond" truecount="2" falsecount="0"/>
      <line num="9" count="1" type="stmt"/>
      <line num="13" count="1" type="stmt"/>
      <line num="14" count="1" type="cond" truecount="0" falsecount="1"/>
      <line num="15" count="0" type="stmt"/>
      <line num="17" count="1" type="stmt"/>
      <line num="21" count="1" type="stmt"/>
      <line num="22" count="1" type="cond" truecount="0" falsecount="1"/>
      <line num="23" count="0" type="stmt"/>
      <line num="25" count="1" type="stmt"/>
      <line num="29" count="0" type="stmt"/>
      <line num="30" count="0" type="stmt"/>
      <line num="31" count="0" type="stmt"/>
      <line num="32" count="0" type="cond" truecount="0" falsecount="1"/>
      <line num="33" count="0" type="stmt"/>
      <line num="35" count="0" type="stmt"/>
      <line num="39" count="0" type="stmt"/>
      <line num="40" count="0" type="cond" truecount="0" falsecount="1"/>
      <line num="41" count="0" type="stmt"/>
      <line num="43" count="0" type="stmt"/>
      <line num="47" count="0" type="stmt"/>
      <line num="48" count="0" type="cond" truecount="0" falsecount="1"/>
      <line num="49" count="0" type="stmt"/>
      <line num="51" count="0" type="stmt"/>
      <line num="55" count="2" type="stmt"/>
    </file>
  </project>
</coverage>
