{"/Users/carlos/Documents/Exercises/technical-Bubbo/technical-bubbo-api-server/src/controllers/book.controllers.ts": {"path":"/Users/carlos/Documents/Exercises/technical-Bubbo/technical-bubbo-api-server/src/controllers/book.controllers.ts","statementMap":{"0":{"start":{"line":24,"column":13},"end":{"line":24,"column":23}},"1":{"start":{"line":45,"column":13},"end":{"line":45,"column":23}},"2":{"start":{"line":5,"column":13},"end":{"line":5,"column":21}},"3":{"start":{"line":14,"column":13},"end":{"line":14,"column":20}},"4":{"start":{"line":34,"column":13},"end":{"line":34,"column":23}},"5":{"start":{"line":2,"column":26},"end":{"line":2,"column":null}},"6":{"start":{"line":5,"column":40},"end":{"line":12,"column":null}},"7":{"start":{"line":6,"column":2},"end":{"line":11,"column":null}},"8":{"start":{"line":7,"column":19},"end":{"line":7,"column":null}},"9":{"start":{"line":8,"column":4},"end":{"line":8,"column":null}},"10":{"start":{"line":10,"column":4},"end":{"line":10,"column":null}},"11":{"start":{"line":14,"column":39},"end":{"line":22,"column":null}},"12":{"start":{"line":15,"column":17},"end":{"line":15,"column":27}},"13":{"start":{"line":16,"column":2},"end":{"line":21,"column":null}},"14":{"start":{"line":17,"column":19},"end":{"line":17,"column":null}},"15":{"start":{"line":18,"column":4},"end":{"line":18,"column":null}},"16":{"start":{"line":20,"column":4},"end":{"line":20,"column":null}},"17":{"start":{"line":24,"column":42},"end":{"line":32,"column":null}},"18":{"start":{"line":25,"column":27},"end":{"line":25,"column":35}},"19":{"start":{"line":26,"column":2},"end":{"line":31,"column":null}},"20":{"start":{"line":27,"column":4},"end":{"line":27,"column":null}},"21":{"start":{"line":28,"column":4},"end":{"line":28,"column":null}},"22":{"start":{"line":30,"column":4},"end":{"line":30,"column":null}},"23":{"start":{"line":34,"column":42},"end":{"line":43,"column":null}},"24":{"start":{"line":35,"column":17},"end":{"line":35,"column":27}},"25":{"start":{"line":36,"column":27},"end":{"line":36,"column":35}},"26":{"start":{"line":37,"column":2},"end":{"line":42,"column":null}},"27":{"start":{"line":38,"column":4},"end":{"line":38,"column":null}},"28":{"start":{"line":39,"column":4},"end":{"line":39,"column":null}},"29":{"start":{"line":41,"column":4},"end":{"line":41,"column":null}},"30":{"start":{"line":45,"column":42},"end":{"line":53,"column":null}},"31":{"start":{"line":46,"column":17},"end":{"line":46,"column":27}},"32":{"start":{"line":47,"column":2},"end":{"line":52,"column":null}},"33":{"start":{"line":48,"column":4},"end":{"line":48,"column":null}},"34":{"start":{"line":49,"column":4},"end":{"line":49,"column":null}},"35":{"start":{"line":51,"column":4},"end":{"line":51,"column":null}}},"fnMap":{"0":{"name":"(anonymous_6)","decl":{"start":{"line":5,"column":40},"end":{"line":5,"column":47}},"loc":{"start":{"line":5,"column":57},"end":{"line":12,"column":null}}},"1":{"name":"(anonymous_7)","decl":{"start":{"line":14,"column":39},"end":{"line":14,"column":46}},"loc":{"start":{"line":14,"column":56},"end":{"line":22,"column":null}}},"2":{"name":"(anonymous_8)","decl":{"start":{"line":24,"column":42},"end":{"line":24,"column":49}},"loc":{"start":{"line":24,"column":59},"end":{"line":32,"column":null}}},"3":{"name":"(anonymous_9)","decl":{"start":{"line":34,"column":42},"end":{"line":34,"column":49}},"loc":{"start":{"line":34,"column":59},"end":{"line":43,"column":null}}},"4":{"name":"(anonymous_10)","decl":{"start":{"line":45,"column":42},"end":{"line":45,"column":49}},"loc":{"start":{"line":45,"column":59},"end":{"line":53,"column":null}}}},"branchMap":{},"s":{"0":2,"1":2,"2":2,"3":2,"4":2,"5":1,"6":1,"7":2,"8":2,"9":1,"10":1,"11":1,"12":2,"13":2,"14":2,"15":1,"16":1,"17":1,"18":2,"19":2,"20":2,"21":1,"22":1,"23":1,"24":2,"25":2,"26":2,"27":2,"28":1,"29":1,"30":1,"31":2,"32":2,"33":2,"34":1,"35":1},"f":{"0":2,"1":2,"2":2,"3":2,"4":2},"b":{}}
}
