TN:
SF:src/const/mockBooks.ts
FNF:0
FNH:0
DA:3,6
DA:24,1
LF:2
LH:2
BRF:0
BRH:0
end_of_record
TN:
SF:src/models/book.model.ts
FN:12,(anonymous_3)
FN:20,(anonymous_4)
FN:28,(anonymous_5)
FN:38,(anonymous_6)
FN:46,(anonymous_7)
FNF:5
FNH:2
FNDA:1,(anonymous_3)
FNDA:1,(anonymous_4)
FNDA:0,(anonymous_5)
FNDA:0,(anonymous_6)
FNDA:0,(anonymous_7)
DA:2,1
DA:3,1
DA:5,1
DA:7,1
DA:9,1
DA:13,1
DA:14,1
DA:15,0
DA:17,1
DA:21,1
DA:22,1
DA:23,0
DA:25,1
DA:29,0
DA:30,0
DA:31,0
DA:32,0
DA:33,0
DA:35,0
DA:39,0
DA:40,0
DA:41,0
DA:43,0
DA:47,0
DA:48,0
DA:49,0
DA:51,0
DA:55,2
LF:28
LH:12
BRDA:5,0,0,1
BRDA:5,0,1,1
BRDA:7,1,0,1
BRDA:7,1,1,1
BRDA:14,2,0,0
BRDA:22,3,0,0
BRDA:32,4,0,0
BRDA:40,5,0,0
BRDA:48,6,0,0
BRF:9
BRH:4
end_of_record
