TN:
SF:src/controllers/book.controllers.ts
FN:5,(anonymous_6)
FN:14,(anonymous_7)
FN:24,(anonymous_8)
FN:34,(anonymous_9)
FN:45,(anonymous_10)
FNF:5
FNH:5
FNDA:2,(anonymous_6)
FNDA:2,(anonymous_7)
FNDA:2,(anonymous_8)
FNDA:2,(anonymous_9)
FNDA:2,(anonymous_10)
DA:2,1
DA:5,2
DA:6,2
DA:7,2
DA:8,1
DA:10,1
DA:14,2
DA:15,2
DA:16,2
DA:17,2
DA:18,1
DA:20,1
DA:24,2
DA:25,2
DA:26,2
DA:27,2
DA:28,1
DA:30,1
DA:34,2
DA:35,2
DA:36,2
DA:37,2
DA:38,2
DA:39,1
DA:41,1
DA:45,2
DA:46,2
DA:47,2
DA:48,2
DA:49,1
DA:51,1
LF:31
LH:31
BRF:0
BRH:0
end_of_record
